This is pdfTeX, Version 3.141592653-2.6-1.40.23 (TeX Live 2022/dev) (preloaded format=pdflatex 2022.3.17)  27 APR 2022 18:39
entering extended mode
 restricted \write18 enabled.
 %&-line parsing enabled.
**supplementary-information.tex
(./supplementary-information.tex
LaTeX2e <2021-11-15> patch level 1
L3 programming layer <2022-02-24> (/Users/kamyayadav/Library/TinyTeX/texmf-dist
/tex/latex/base/article.cls
Document Class: article 2021/10/04 v1.4n Standard LaTeX document class
(/Users/kamyayadav/Library/TinyTeX/texmf-dist/tex/latex/base/size10.clo
File: size10.clo 2021/10/04 v1.4n Standard LaTeX file (size option)
)
\c@part=\count185
\c@section=\count186
\c@subsection=\count187
\c@subsubsection=\count188
\c@paragraph=\count189
\c@subparagraph=\count190
\c@figure=\count191
\c@table=\count192
\abovecaptionskip=\skip47
\belowcaptionskip=\skip48
\bibindent=\dimen138
) (/Users/kamyayadav/Library/TinyTeX/texmf-dist/tex/latex/amsmath/amsmath.sty
Package: amsmath 2021/10/15 v2.17l AMS math features
\@mathmargin=\skip49
For additional information on amsmath, use the `?' option.
(/Users/kamyayadav/Library/TinyTeX/texmf-dist/tex/latex/amsmath/amstext.sty
Package: amstext 2021/08/26 v2.01 AMS text
(/Users/kamyayadav/Library/TinyTeX/texmf-dist/tex/latex/amsmath/amsgen.sty
File: amsgen.sty 1999/11/30 v2.0 generic functions
\@emptytoks=\toks16
\ex@=\dimen139
)) (/Users/kamyayadav/Library/TinyTeX/texmf-dist/tex/latex/amsmath/amsbsy.sty
Package: amsbsy 1999/11/29 v1.2d Bold Symbols
\pmbraise@=\dimen140
) (/Users/kamyayadav/Library/TinyTeX/texmf-dist/tex/latex/amsmath/amsopn.sty
Package: amsopn 2021/08/26 v2.02 operator names
)
\inf@bad=\count193
LaTeX Info: Redefining \frac on input line 234.
\uproot@=\count194
\leftroot@=\count195
LaTeX Info: Redefining \overline on input line 399.
\classnum@=\count196
\DOTSCASE@=\count197
LaTeX Info: Redefining \ldots on input line 496.
LaTeX Info: Redefining \dots on input line 499.
LaTeX Info: Redefining \cdots on input line 620.
\Mathstrutbox@=\box50
\strutbox@=\box51
\big@size=\dimen141
LaTeX Font Info:    Redeclaring font encoding OML on input line 743.
LaTeX Font Info:    Redeclaring font encoding OMS on input line 744.
\macc@depth=\count198
\c@MaxMatrixCols=\count199
\dotsspace@=\muskip16
\c@parentequation=\count266
\dspbrk@lvl=\count267
\tag@help=\toks17
\row@=\count268
\column@=\count269
\maxfields@=\count270
\andhelp@=\toks18
\eqnshift@=\dimen142
\alignsep@=\dimen143
\tagshift@=\dimen144
\tagwidth@=\dimen145
\totwidth@=\dimen146
\lineht@=\dimen147
\@envbody=\toks19
\multlinegap=\skip50
\multlinetaggap=\skip51
\mathdisplay@stack=\toks20
LaTeX Info: Redefining \[ on input line 2938.
LaTeX Info: Redefining \] on input line 2939.
) (/Users/kamyayadav/Library/TinyTeX/texmf-dist/tex/latex/amsfonts/amssymb.sty
Package: amssymb 2013/01/14 v3.01 AMS font symbols
(/Users/kamyayadav/Library/TinyTeX/texmf-dist/tex/latex/amsfonts/amsfonts.sty
Package: amsfonts 2013/01/14 v3.01 Basic AMSFonts support
\symAMSa=\mathgroup4
\symAMSb=\mathgroup5
LaTeX Font Info:    Redeclaring math symbol \hbar on input line 98.
LaTeX Font Info:    Overwriting math alphabet `\mathfrak' in version `bold'
(Font)                  U/euf/m/n --> U/euf/b/n on input line 106.
)) (/Users/kamyayadav/Library/TinyTeX/texmf-dist/tex/latex/lm/lmodern.sty
Package: lmodern 2015/05/01 v1.6.1 Latin Modern Fonts
LaTeX Font Info:    Overwriting symbol font `operators' in version `normal'
(Font)                  OT1/cmr/m/n --> OT1/lmr/m/n on input line 22.
LaTeX Font Info:    Overwriting symbol font `letters' in version `normal'
(Font)                  OML/cmm/m/it --> OML/lmm/m/it on input line 23.
LaTeX Font Info:    Overwriting symbol font `symbols' in version `normal'
(Font)                  OMS/cmsy/m/n --> OMS/lmsy/m/n on input line 24.
LaTeX Font Info:    Overwriting symbol font `largesymbols' in version `normal'
(Font)                  OMX/cmex/m/n --> OMX/lmex/m/n on input line 25.
LaTeX Font Info:    Overwriting symbol font `operators' in version `bold'
(Font)                  OT1/cmr/bx/n --> OT1/lmr/bx/n on input line 26.
LaTeX Font Info:    Overwriting symbol font `letters' in version `bold'
(Font)                  OML/cmm/b/it --> OML/lmm/b/it on input line 27.
LaTeX Font Info:    Overwriting symbol font `symbols' in version `bold'
(Font)                  OMS/cmsy/b/n --> OMS/lmsy/b/n on input line 28.
LaTeX Font Info:    Overwriting symbol font `largesymbols' in version `bold'
(Font)                  OMX/cmex/m/n --> OMX/lmex/m/n on input line 29.
LaTeX Font Info:    Overwriting math alphabet `\mathbf' in version `normal'
(Font)                  OT1/cmr/bx/n --> OT1/lmr/bx/n on input line 31.
LaTeX Font Info:    Overwriting math alphabet `\mathsf' in version `normal'
(Font)                  OT1/cmss/m/n --> OT1/lmss/m/n on input line 32.
LaTeX Font Info:    Overwriting math alphabet `\mathit' in version `normal'
(Font)                  OT1/cmr/m/it --> OT1/lmr/m/it on input line 33.
LaTeX Font Info:    Overwriting math alphabet `\mathtt' in version `normal'
(Font)                  OT1/cmtt/m/n --> OT1/lmtt/m/n on input line 34.
LaTeX Font Info:    Overwriting math alphabet `\mathbf' in version `bold'
(Font)                  OT1/cmr/bx/n --> OT1/lmr/bx/n on input line 35.
LaTeX Font Info:    Overwriting math alphabet `\mathsf' in version `bold'
(Font)                  OT1/cmss/bx/n --> OT1/lmss/bx/n on input line 36.
LaTeX Font Info:    Overwriting math alphabet `\mathit' in version `bold'
(Font)                  OT1/cmr/bx/it --> OT1/lmr/bx/it on input line 37.
LaTeX Font Info:    Overwriting math alphabet `\mathtt' in version `bold'
(Font)                  OT1/cmtt/m/n --> OT1/lmtt/m/n on input line 38.
) (/Users/kamyayadav/Library/TinyTeX/texmf-dist/tex/generic/iftex/ifxetex.sty
Package: ifxetex 2019/10/25 v0.7 ifxetex legacy package. Use iftex instead.
(/Users/kamyayadav/Library/TinyTeX/texmf-dist/tex/generic/iftex/iftex.sty
Package: iftex 2022/02/03 v1.0f TeX engine tests
)) (/Users/kamyayadav/Library/TinyTeX/texmf-dist/tex/generic/iftex/ifluatex.sty
Package: ifluatex 2019/10/25 v1.5 ifluatex legacy package. Use iftex instead.
) (/Users/kamyayadav/Library/TinyTeX/texmf-dist/tex/latex/base/fontenc.sty
Package: fontenc 2021/04/29 v2.0v Standard LaTeX package
LaTeX Font Info:    Trying to load font information for T1+lmr on input line 11
2.
(/Users/kamyayadav/Library/TinyTeX/texmf-dist/tex/latex/lm/t1lmr.fd
File: t1lmr.fd 2015/05/01 v1.6.1 Font defs for Latin Modern
)) (/Users/kamyayadav/Library/TinyTeX/texmf-dist/tex/latex/base/inputenc.sty
Package: inputenc 2021/02/14 v1.3d Input encoding file
\inpenc@prehook=\toks21
\inpenc@posthook=\toks22
) (/Users/kamyayadav/Library/TinyTeX/texmf-dist/tex/latex/base/textcomp.sty
Package: textcomp 2020/02/02 v2.0n Standard LaTeX package
) (/Users/kamyayadav/Library/TinyTeX/texmf-dist/tex/latex/xcolor/xcolor.sty
Package: xcolor 2021/10/31 v2.13 LaTeX color extensions (UK)
(/Users/kamyayadav/Library/TinyTeX/texmf-dist/tex/latex/graphics-cfg/color.cfg
File: color.cfg 2016/01/02 v1.6 sample color configuration
)
Package xcolor Info: Driver file: pdftex.def on input line 227.

(/Users/kamyayadav/Library/TinyTeX/texmf-dist/tex/latex/graphics-def/pdftex.def
File: pdftex.def 2020/10/05 v1.2a Graphics/color driver for pdftex
)
Package xcolor Info: Model `cmy' substituted by `cmy0' on input line 1352.
Package xcolor Info: Model `hsb' substituted by `rgb' on input line 1356.
Package xcolor Info: Model `RGB' extended on input line 1368.
Package xcolor Info: Model `HTML' substituted by `rgb' on input line 1370.
Package xcolor Info: Model `Hsb' substituted by `hsb' on input line 1371.
Package xcolor Info: Model `tHsb' substituted by `hsb' on input line 1372.
Package xcolor Info: Model `HSB' substituted by `hsb' on input line 1373.
Package xcolor Info: Model `Gray' substituted by `gray' on input line 1374.
Package xcolor Info: Model `wave' substituted by `hsb' on input line 1375.
) (/Users/kamyayadav/Library/TinyTeX/texmf-dist/tex/latex/hyperref/hyperref.sty
Package: hyperref 2022-02-21 v7.00n Hypertext links for LaTeX
(/Users/kamyayadav/Library/TinyTeX/texmf-dist/tex/generic/ltxcmds/ltxcmds.sty
Package: ltxcmds 2020-05-10 v1.25 LaTeX kernel commands for general use (HO)
)
(/Users/kamyayadav/Library/TinyTeX/texmf-dist/tex/generic/pdftexcmds/pdftexcmds
.sty
Package: pdftexcmds 2020-06-27 v0.33 Utility functions of pdfTeX for LuaTeX (HO
)

(/Users/kamyayadav/Library/TinyTeX/texmf-dist/tex/generic/infwarerr/infwarerr.s
ty
Package: infwarerr 2019/12/03 v1.5 Providing info/warning/error messages (HO)
)
Package pdftexcmds Info: \pdf@primitive is available.
Package pdftexcmds Info: \pdf@ifprimitive is available.
Package pdftexcmds Info: \pdfdraftmode found.
) (/Users/kamyayadav/Library/TinyTeX/texmf-dist/tex/latex/graphics/keyval.sty
Package: keyval 2014/10/28 v1.15 key=value parser (DPC)
\KV@toks@=\toks23
)
(/Users/kamyayadav/Library/TinyTeX/texmf-dist/tex/generic/kvsetkeys/kvsetkeys.s
ty
Package: kvsetkeys 2019/12/15 v1.18 Key value parser (HO)
)
(/Users/kamyayadav/Library/TinyTeX/texmf-dist/tex/generic/kvdefinekeys/kvdefine
keys.sty
Package: kvdefinekeys 2019-12-19 v1.6 Define keys (HO)
)
(/Users/kamyayadav/Library/TinyTeX/texmf-dist/tex/generic/pdfescape/pdfescape.s
ty
Package: pdfescape 2019/12/09 v1.15 Implements pdfTeX's escape features (HO)
) (/Users/kamyayadav/Library/TinyTeX/texmf-dist/tex/latex/hycolor/hycolor.sty
Package: hycolor 2020-01-27 v1.10 Color options for hyperref/bookmark (HO)
)
(/Users/kamyayadav/Library/TinyTeX/texmf-dist/tex/latex/letltxmacro/letltxmacro
.sty
Package: letltxmacro 2019/12/03 v1.6 Let assignment for LaTeX macros (HO)
) (/Users/kamyayadav/Library/TinyTeX/texmf-dist/tex/latex/auxhook/auxhook.sty
Package: auxhook 2019-12-17 v1.6 Hooks for auxiliary files (HO)
)
(/Users/kamyayadav/Library/TinyTeX/texmf-dist/tex/latex/kvoptions/kvoptions.sty
Package: kvoptions 2020-10-07 v3.14 Key value format for package options (HO)
)
\@linkdim=\dimen148
\Hy@linkcounter=\count271
\Hy@pagecounter=\count272
(/Users/kamyayadav/Library/TinyTeX/texmf-dist/tex/latex/hyperref/pd1enc.def
File: pd1enc.def 2022-02-21 v7.00n Hyperref: PDFDocEncoding definition (HO)
Now handling font encoding PD1 ...
... no UTF-8 mapping file for font encoding PD1
) (/Users/kamyayadav/Library/TinyTeX/texmf-dist/tex/generic/intcalc/intcalc.sty
Package: intcalc 2019/12/15 v1.3 Expandable calculations with integers (HO)
)
(/Users/kamyayadav/Library/TinyTeX/texmf-dist/tex/generic/etexcmds/etexcmds.sty
Package: etexcmds 2019/12/15 v1.7 Avoid name clashes with e-TeX commands (HO)
)
\Hy@SavedSpaceFactor=\count273
(/Users/kamyayadav/Library/TinyTeX/texmf-dist/tex/latex/hyperref/puenc.def
File: puenc.def 2022-02-21 v7.00n Hyperref: PDF Unicode definition (HO)
Now handling font encoding PU ...
... no UTF-8 mapping file for font encoding PU
)
Package hyperref Info: Option `unicode' set `true' on input line 4018.
Package hyperref Info: Hyper figures OFF on input line 4137.
Package hyperref Info: Link nesting OFF on input line 4142.
Package hyperref Info: Hyper index ON on input line 4145.
Package hyperref Info: Plain pages OFF on input line 4152.
Package hyperref Info: Backreferencing OFF on input line 4157.
Package hyperref Info: Implicit mode ON; LaTeX internals redefined.
Package hyperref Info: Bookmarks ON on input line 4390.
\c@Hy@tempcnt=\count274
(/Users/kamyayadav/Library/TinyTeX/texmf-dist/tex/latex/url/url.sty
\Urlmuskip=\muskip17
Package: url 2013/09/16  ver 3.4  Verb mode for urls, etc.
)
LaTeX Info: Redefining \url on input line 4749.
\XeTeXLinkMargin=\dimen149
(/Users/kamyayadav/Library/TinyTeX/texmf-dist/tex/generic/bitset/bitset.sty
Package: bitset 2019/12/09 v1.3 Handle bit-vector datatype (HO)

(/Users/kamyayadav/Library/TinyTeX/texmf-dist/tex/generic/bigintcalc/bigintcalc
.sty
Package: bigintcalc 2019/12/15 v1.5 Expandable calculations on big integers (HO
)
))
\Fld@menulength=\count275
\Field@Width=\dimen150
\Fld@charsize=\dimen151
Package hyperref Info: Hyper figures OFF on input line 6027.
Package hyperref Info: Link nesting OFF on input line 6032.
Package hyperref Info: Hyper index ON on input line 6035.
Package hyperref Info: backreferencing OFF on input line 6042.
Package hyperref Info: Link coloring OFF on input line 6047.
Package hyperref Info: Link coloring with OCG OFF on input line 6052.
Package hyperref Info: PDF/A mode OFF on input line 6057.
LaTeX Info: Redefining \ref on input line 6097.
LaTeX Info: Redefining \pageref on input line 6101.
(/Users/kamyayadav/Library/TinyTeX/texmf-dist/tex/latex/base/atbegshi-ltx.sty
Package: atbegshi-ltx 2021/01/10 v1.0c Emulation of the original atbegshi
package with kernel methods
)
\Hy@abspage=\count276
\c@Item=\count277
\c@Hfootnote=\count278
)
Package hyperref Info: Driver (autodetected): hpdftex.
(/Users/kamyayadav/Library/TinyTeX/texmf-dist/tex/latex/hyperref/hpdftex.def
File: hpdftex.def 2022-02-21 v7.00n Hyperref driver for pdfTeX
(/Users/kamyayadav/Library/TinyTeX/texmf-dist/tex/latex/base/atveryend-ltx.sty
Package: atveryend-ltx 2020/08/19 v1.0a Emulation of the original atveryend pac
kage
with kernel methods
)
\Fld@listcount=\count279
\c@bookmark@seq@number=\count280

(/Users/kamyayadav/Library/TinyTeX/texmf-dist/tex/latex/rerunfilecheck/rerunfil
echeck.sty
Package: rerunfilecheck 2019/12/05 v1.9 Rerun checks for auxiliary files (HO)

(/Users/kamyayadav/Library/TinyTeX/texmf-dist/tex/generic/uniquecounter/uniquec
ounter.sty
Package: uniquecounter 2019/12/15 v1.4 Provide unlimited unique counter (HO)
)
Package uniquecounter Info: New unique counter `rerunfilecheck' on input line 2
86.
)
\Hy@SectionHShift=\skip52
) (/Users/kamyayadav/Library/TinyTeX/texmf-dist/tex/latex/geometry/geometry.sty
Package: geometry 2020/01/02 v5.9 Page Geometry
(/Users/kamyayadav/Library/TinyTeX/texmf-dist/tex/generic/iftex/ifvtex.sty
Package: ifvtex 2019/10/25 v1.7 ifvtex legacy package. Use iftex instead.
)
\Gm@cnth=\count281
\Gm@cntv=\count282
\c@Gm@tempcnt=\count283
\Gm@bindingoffset=\dimen152
\Gm@wd@mp=\dimen153
\Gm@odd@mp=\dimen154
\Gm@even@mp=\dimen155
\Gm@layoutwidth=\dimen156
\Gm@layoutheight=\dimen157
\Gm@layouthoffset=\dimen158
\Gm@layoutvoffset=\dimen159
\Gm@dimlist=\toks24
) (/Users/kamyayadav/Library/TinyTeX/texmf-dist/tex/latex/graphics/graphicx.sty
Package: graphicx 2021/09/16 v1.2d Enhanced LaTeX Graphics (DPC,SPQR)
(/Users/kamyayadav/Library/TinyTeX/texmf-dist/tex/latex/graphics/graphics.sty
Package: graphics 2021/03/04 v1.4d Standard LaTeX Graphics (DPC,SPQR)
(/Users/kamyayadav/Library/TinyTeX/texmf-dist/tex/latex/graphics/trig.sty
Package: trig 2021/08/11 v1.11 sin cos tan (DPC)
)
(/Users/kamyayadav/Library/TinyTeX/texmf-dist/tex/latex/graphics-cfg/graphics.c
fg
File: graphics.cfg 2016/06/04 v1.11 sample graphics configuration
)
Package graphics Info: Driver file: pdftex.def on input line 107.
)
\Gin@req@height=\dimen160
\Gin@req@width=\dimen161
) (/Users/kamyayadav/Library/TinyTeX/texmf-dist/tex/latex/caption/caption.sty
Package: caption 2022/02/28 v3.6a Customizing captions (AR)
(/Users/kamyayadav/Library/TinyTeX/texmf-dist/tex/latex/caption/caption3.sty
Package: caption3 2022/02/28 v2.3a caption3 kernel (AR)
\caption@tempdima=\dimen162
\captionmargin=\dimen163
\caption@leftmargin=\dimen164
\caption@rightmargin=\dimen165
\caption@width=\dimen166
\caption@indent=\dimen167
\caption@parindent=\dimen168
\caption@hangindent=\dimen169
Package caption Info: Standard document class detected.
)
\c@caption@flags=\count284
\c@continuedfloat=\count285
Package caption Info: hyperref package is loaded.
) (/Users/kamyayadav/Library/TinyTeX/texmf-dist/tex/latex/booktabs/booktabs.sty
Package: booktabs 2020/01/12 v1.61803398 Publication quality tables
\heavyrulewidth=\dimen170
\lightrulewidth=\dimen171
\cmidrulewidth=\dimen172
\belowrulesep=\dimen173
\belowbottomsep=\dimen174
\aboverulesep=\dimen175
\abovetopsep=\dimen176
\cmidrulesep=\dimen177
\cmidrulekern=\dimen178
\defaultaddspace=\dimen179
\@cmidla=\count286
\@cmidlb=\count287
\@aboverulesep=\dimen180
\@belowrulesep=\dimen181
\@thisruleclass=\count288
\@lastruleclass=\count289
\@thisrulewidth=\dimen182
) (/Users/kamyayadav/Library/TinyTeX/texmf-dist/tex/latex/tools/longtable.sty
Package: longtable 2021-09-01 v4.17 Multi-page Table package (DPC)
\LTleft=\skip53
\LTright=\skip54
\LTpre=\skip55
\LTpost=\skip56
\LTchunksize=\count290
\LTcapwidth=\dimen183
\LT@head=\box52
\LT@firsthead=\box53
\LT@foot=\box54
\LT@lastfoot=\box55
\LT@gbox=\box56
\LT@cols=\count291
\LT@rows=\count292
\c@LT@tables=\count293
\c@LT@chunks=\count294
\LT@p@ftn=\toks25
) (/Users/kamyayadav/Library/TinyTeX/texmf-dist/tex/latex/pdfpages/pdfpages.sty
Package: pdfpages 2022/01/29 v0.5u Insert pages of external PDF documents (AM)
(/Users/kamyayadav/Library/TinyTeX/texmf-dist/tex/latex/base/ifthen.sty
Package: ifthen 2020/11/24 v1.1c Standard LaTeX ifthen package (DPC)
) (/Users/kamyayadav/Library/TinyTeX/texmf-dist/tex/latex/tools/calc.sty
Package: calc 2017/05/25 v4.3 Infix arithmetic (KKT,FJ)
\calc@Acount=\count295
\calc@Bcount=\count296
\calc@Adimen=\dimen184
\calc@Bdimen=\dimen185
\calc@Askip=\skip57
\calc@Bskip=\skip58
LaTeX Info: Redefining \setlength on input line 80.
LaTeX Info: Redefining \addtolength on input line 81.
\calc@Ccount=\count297
\calc@Cskip=\skip59
) (/Users/kamyayadav/Library/TinyTeX/texmf-dist/tex/latex/eso-pic/eso-pic.sty
Package: eso-pic 2020/10/14 v3.0a eso-pic (RN)
\ESO@tempdima=\dimen186
\ESO@tempdimb=\dimen187
)
\AM@pagewidth=\dimen188
\AM@pageheight=\dimen189
\AM@fboxrule=\dimen190
(/Users/kamyayadav/Library/TinyTeX/texmf-dist/tex/latex/pdfpages/pppdftex.def
File: pppdftex.def 2022/01/29 v0.5u Pdfpages driver for pdfTeX (AM)
)
\pdfpages@includegraphics@status=\count298
\AM@pagebox=\box57
\AM@global@opts=\toks26
\AM@pagecnt=\count299
\AM@toc@title=\toks27
\c@AM@survey=\count300
\AM@templatesizebox=\box58
) (/Users/kamyayadav/Library/TinyTeX/texmf-dist/tex/latex/graphics/rotating.sty
Package: rotating 2016/08/11 v2.16d rotated objects in LaTeX
\c@r@tfl@t=\count301
\rotFPtop=\skip60
\rotFPbot=\skip61
\rot@float@box=\box59
\rot@mess@toks=\toks28
) (/Users/kamyayadav/Library/TinyTeX/texmf-dist/tex/latex/footmisc/footmisc.sty
Package: footmisc 2022/03/08 v6.0d a miscellany of footnote facilities
\FN@temptoken=\toks29
\footnotemargin=\dimen191
\@outputbox@depth=\dimen192
Package footmisc Info: Declaring symbol style bringhurst on input line 695.
Package footmisc Info: Declaring symbol style chicago on input line 703.
Package footmisc Info: Declaring symbol style wiley on input line 712.
Package footmisc Info: Declaring symbol style lamport-robust on input line 723.

Package footmisc Info: Declaring symbol style lamport* on input line 743.
Package footmisc Info: Declaring symbol style lamport*-robust on input line 764
.
) (/Users/kamyayadav/Library/TinyTeX/texmf-dist/tex/latex/float/float.sty
Package: float 2001/11/08 v1.3d Float enhancements (AL)
\c@float@type=\count302
\float@exts=\toks30
\float@box=\box60
\@float@everytoks=\toks31
\@floatcapt=\box61
)
(/Users/kamyayadav/Library/TinyTeX/texmf-dist/tex/latex/pgf/frontendlayer/tikz.
sty (/Users/kamyayadav/Library/TinyTeX/texmf-dist/tex/latex/pgf/basiclayer/pgf.
sty
(/Users/kamyayadav/Library/TinyTeX/texmf-dist/tex/latex/pgf/utilities/pgfrcs.st
y
(/Users/kamyayadav/Library/TinyTeX/texmf-dist/tex/generic/pgf/utilities/pgfutil
-common.tex
\pgfutil@everybye=\toks32
\pgfutil@tempdima=\dimen193
\pgfutil@tempdimb=\dimen194

(/Users/kamyayadav/Library/TinyTeX/texmf-dist/tex/generic/pgf/utilities/pgfutil
-common-lists.tex))
(/Users/kamyayadav/Library/TinyTeX/texmf-dist/tex/generic/pgf/utilities/pgfutil
-latex.def
\pgfutil@abb=\box62
)
(/Users/kamyayadav/Library/TinyTeX/texmf-dist/tex/generic/pgf/utilities/pgfrcs.
code.tex (/Users/kamyayadav/Library/TinyTeX/texmf-dist/tex/generic/pgf/pgf.revi
sion.tex)
Package: pgfrcs 2021/05/15 v3.1.9a (3.1.9a)
))
Package: pgf 2021/05/15 v3.1.9a (3.1.9a)

(/Users/kamyayadav/Library/TinyTeX/texmf-dist/tex/latex/pgf/basiclayer/pgfcore.
sty
(/Users/kamyayadav/Library/TinyTeX/texmf-dist/tex/latex/pgf/systemlayer/pgfsys.
sty
(/Users/kamyayadav/Library/TinyTeX/texmf-dist/tex/generic/pgf/systemlayer/pgfsy
s.code.tex
Package: pgfsys 2021/05/15 v3.1.9a (3.1.9a)

(/Users/kamyayadav/Library/TinyTeX/texmf-dist/tex/generic/pgf/utilities/pgfkeys
.code.tex
\pgfkeys@pathtoks=\toks33
\pgfkeys@temptoks=\toks34

(/Users/kamyayadav/Library/TinyTeX/texmf-dist/tex/generic/pgf/utilities/pgfkeys
filtered.code.tex
\pgfkeys@tmptoks=\toks35
))
\pgf@x=\dimen195
\pgf@y=\dimen196
\pgf@xa=\dimen197
\pgf@ya=\dimen198
\pgf@xb=\dimen199
\pgf@yb=\dimen256
\pgf@xc=\dimen257
\pgf@yc=\dimen258
\pgf@xd=\dimen259
\pgf@yd=\dimen260
\w@pgf@writea=\write3
\r@pgf@reada=\read2
\c@pgf@counta=\count303
\c@pgf@countb=\count304
\c@pgf@countc=\count305
\c@pgf@countd=\count306
\t@pgf@toka=\toks36
\t@pgf@tokb=\toks37
\t@pgf@tokc=\toks38
\pgf@sys@id@count=\count307

(/Users/kamyayadav/Library/TinyTeX/texmf-dist/tex/generic/pgf/systemlayer/pgf.c
fg
File: pgf.cfg 2021/05/15 v3.1.9a (3.1.9a)
)
Driver file for pgf: pgfsys-pdftex.def

(/Users/kamyayadav/Library/TinyTeX/texmf-dist/tex/generic/pgf/systemlayer/pgfsy
s-pdftex.def
File: pgfsys-pdftex.def 2021/05/15 v3.1.9a (3.1.9a)

(/Users/kamyayadav/Library/TinyTeX/texmf-dist/tex/generic/pgf/systemlayer/pgfsy
s-common-pdf.def
File: pgfsys-common-pdf.def 2021/05/15 v3.1.9a (3.1.9a)
)))
(/Users/kamyayadav/Library/TinyTeX/texmf-dist/tex/generic/pgf/systemlayer/pgfsy
ssoftpath.code.tex
File: pgfsyssoftpath.code.tex 2021/05/15 v3.1.9a (3.1.9a)
\pgfsyssoftpath@smallbuffer@items=\count308
\pgfsyssoftpath@bigbuffer@items=\count309
)
(/Users/kamyayadav/Library/TinyTeX/texmf-dist/tex/generic/pgf/systemlayer/pgfsy
sprotocol.code.tex
File: pgfsysprotocol.code.tex 2021/05/15 v3.1.9a (3.1.9a)
))
(/Users/kamyayadav/Library/TinyTeX/texmf-dist/tex/generic/pgf/basiclayer/pgfcor
e.code.tex
Package: pgfcore 2021/05/15 v3.1.9a (3.1.9a)

(/Users/kamyayadav/Library/TinyTeX/texmf-dist/tex/generic/pgf/math/pgfmath.code
.tex
(/Users/kamyayadav/Library/TinyTeX/texmf-dist/tex/generic/pgf/math/pgfmathcalc.
code.tex
(/Users/kamyayadav/Library/TinyTeX/texmf-dist/tex/generic/pgf/math/pgfmathutil.
code.tex)
(/Users/kamyayadav/Library/TinyTeX/texmf-dist/tex/generic/pgf/math/pgfmathparse
r.code.tex
\pgfmath@dimen=\dimen261
\pgfmath@count=\count310
\pgfmath@box=\box63
\pgfmath@toks=\toks39
\pgfmath@stack@operand=\toks40
\pgfmath@stack@operation=\toks41
)
(/Users/kamyayadav/Library/TinyTeX/texmf-dist/tex/generic/pgf/math/pgfmathfunct
ions.code.tex
(/Users/kamyayadav/Library/TinyTeX/texmf-dist/tex/generic/pgf/math/pgfmathfunct
ions.basic.code.tex)
(/Users/kamyayadav/Library/TinyTeX/texmf-dist/tex/generic/pgf/math/pgfmathfunct
ions.trigonometric.code.tex)
(/Users/kamyayadav/Library/TinyTeX/texmf-dist/tex/generic/pgf/math/pgfmathfunct
ions.random.code.tex)
(/Users/kamyayadav/Library/TinyTeX/texmf-dist/tex/generic/pgf/math/pgfmathfunct
ions.comparison.code.tex)
(/Users/kamyayadav/Library/TinyTeX/texmf-dist/tex/generic/pgf/math/pgfmathfunct
ions.base.code.tex)
(/Users/kamyayadav/Library/TinyTeX/texmf-dist/tex/generic/pgf/math/pgfmathfunct
ions.round.code.tex)
(/Users/kamyayadav/Library/TinyTeX/texmf-dist/tex/generic/pgf/math/pgfmathfunct
ions.misc.code.tex)
(/Users/kamyayadav/Library/TinyTeX/texmf-dist/tex/generic/pgf/math/pgfmathfunct
ions.integerarithmetics.code.tex)))
(/Users/kamyayadav/Library/TinyTeX/texmf-dist/tex/generic/pgf/math/pgfmathfloat
.code.tex
\c@pgfmathroundto@lastzeros=\count311
))
(/Users/kamyayadav/Library/TinyTeX/texmf-dist/tex/generic/pgf/math/pgfint.code.
tex)
(/Users/kamyayadav/Library/TinyTeX/texmf-dist/tex/generic/pgf/basiclayer/pgfcor
epoints.code.tex
File: pgfcorepoints.code.tex 2021/05/15 v3.1.9a (3.1.9a)
\pgf@picminx=\dimen262
\pgf@picmaxx=\dimen263
\pgf@picminy=\dimen264
\pgf@picmaxy=\dimen265
\pgf@pathminx=\dimen266
\pgf@pathmaxx=\dimen267
\pgf@pathminy=\dimen268
\pgf@pathmaxy=\dimen269
\pgf@xx=\dimen270
\pgf@xy=\dimen271
\pgf@yx=\dimen272
\pgf@yy=\dimen273
\pgf@zx=\dimen274
\pgf@zy=\dimen275
)
(/Users/kamyayadav/Library/TinyTeX/texmf-dist/tex/generic/pgf/basiclayer/pgfcor
epathconstruct.code.tex
File: pgfcorepathconstruct.code.tex 2021/05/15 v3.1.9a (3.1.9a)
\pgf@path@lastx=\dimen276
\pgf@path@lasty=\dimen277
)
(/Users/kamyayadav/Library/TinyTeX/texmf-dist/tex/generic/pgf/basiclayer/pgfcor
epathusage.code.tex
File: pgfcorepathusage.code.tex 2021/05/15 v3.1.9a (3.1.9a)
\pgf@shorten@end@additional=\dimen278
\pgf@shorten@start@additional=\dimen279
)
(/Users/kamyayadav/Library/TinyTeX/texmf-dist/tex/generic/pgf/basiclayer/pgfcor
escopes.code.tex
File: pgfcorescopes.code.tex 2021/05/15 v3.1.9a (3.1.9a)
\pgfpic=\box64
\pgf@hbox=\box65
\pgf@layerbox@main=\box66
\pgf@picture@serial@count=\count312
)
(/Users/kamyayadav/Library/TinyTeX/texmf-dist/tex/generic/pgf/basiclayer/pgfcor
egraphicstate.code.tex
File: pgfcoregraphicstate.code.tex 2021/05/15 v3.1.9a (3.1.9a)
\pgflinewidth=\dimen280
)
(/Users/kamyayadav/Library/TinyTeX/texmf-dist/tex/generic/pgf/basiclayer/pgfcor
etransformations.code.tex
File: pgfcoretransformations.code.tex 2021/05/15 v3.1.9a (3.1.9a)
\pgf@pt@x=\dimen281
\pgf@pt@y=\dimen282
\pgf@pt@temp=\dimen283
)
(/Users/kamyayadav/Library/TinyTeX/texmf-dist/tex/generic/pgf/basiclayer/pgfcor
equick.code.tex
File: pgfcorequick.code.tex 2021/05/15 v3.1.9a (3.1.9a)
)
(/Users/kamyayadav/Library/TinyTeX/texmf-dist/tex/generic/pgf/basiclayer/pgfcor
eobjects.code.tex
File: pgfcoreobjects.code.tex 2021/05/15 v3.1.9a (3.1.9a)
)
(/Users/kamyayadav/Library/TinyTeX/texmf-dist/tex/generic/pgf/basiclayer/pgfcor
epathprocessing.code.tex
File: pgfcorepathprocessing.code.tex 2021/05/15 v3.1.9a (3.1.9a)
)
(/Users/kamyayadav/Library/TinyTeX/texmf-dist/tex/generic/pgf/basiclayer/pgfcor
earrows.code.tex
File: pgfcorearrows.code.tex 2021/05/15 v3.1.9a (3.1.9a)
\pgfarrowsep=\dimen284
)
(/Users/kamyayadav/Library/TinyTeX/texmf-dist/tex/generic/pgf/basiclayer/pgfcor
eshade.code.tex
File: pgfcoreshade.code.tex 2021/05/15 v3.1.9a (3.1.9a)
\pgf@max=\dimen285
\pgf@sys@shading@range@num=\count313
\pgf@shadingcount=\count314
)
(/Users/kamyayadav/Library/TinyTeX/texmf-dist/tex/generic/pgf/basiclayer/pgfcor
eimage.code.tex
File: pgfcoreimage.code.tex 2021/05/15 v3.1.9a (3.1.9a)

(/Users/kamyayadav/Library/TinyTeX/texmf-dist/tex/generic/pgf/basiclayer/pgfcor
eexternal.code.tex
File: pgfcoreexternal.code.tex 2021/05/15 v3.1.9a (3.1.9a)
\pgfexternal@startupbox=\box67
))
(/Users/kamyayadav/Library/TinyTeX/texmf-dist/tex/generic/pgf/basiclayer/pgfcor
elayers.code.tex
File: pgfcorelayers.code.tex 2021/05/15 v3.1.9a (3.1.9a)
)
(/Users/kamyayadav/Library/TinyTeX/texmf-dist/tex/generic/pgf/basiclayer/pgfcor
etransparency.code.tex
File: pgfcoretransparency.code.tex 2021/05/15 v3.1.9a (3.1.9a)
)
(/Users/kamyayadav/Library/TinyTeX/texmf-dist/tex/generic/pgf/basiclayer/pgfcor
epatterns.code.tex
File: pgfcorepatterns.code.tex 2021/05/15 v3.1.9a (3.1.9a)
)
(/Users/kamyayadav/Library/TinyTeX/texmf-dist/tex/generic/pgf/basiclayer/pgfcor
erdf.code.tex
File: pgfcorerdf.code.tex 2021/05/15 v3.1.9a (3.1.9a)
)))
(/Users/kamyayadav/Library/TinyTeX/texmf-dist/tex/generic/pgf/modules/pgfmodule
shapes.code.tex
File: pgfmoduleshapes.code.tex 2021/05/15 v3.1.9a (3.1.9a)
\pgfnodeparttextbox=\box68
)
(/Users/kamyayadav/Library/TinyTeX/texmf-dist/tex/generic/pgf/modules/pgfmodule
plot.code.tex
File: pgfmoduleplot.code.tex 2021/05/15 v3.1.9a (3.1.9a)
)
(/Users/kamyayadav/Library/TinyTeX/texmf-dist/tex/latex/pgf/compatibility/pgfco
mp-version-0-65.sty
Package: pgfcomp-version-0-65 2021/05/15 v3.1.9a (3.1.9a)
\pgf@nodesepstart=\dimen286
\pgf@nodesepend=\dimen287
)
(/Users/kamyayadav/Library/TinyTeX/texmf-dist/tex/latex/pgf/compatibility/pgfco
mp-version-1-18.sty
Package: pgfcomp-version-1-18 2021/05/15 v3.1.9a (3.1.9a)
))
(/Users/kamyayadav/Library/TinyTeX/texmf-dist/tex/latex/pgf/utilities/pgffor.st
y
(/Users/kamyayadav/Library/TinyTeX/texmf-dist/tex/latex/pgf/utilities/pgfkeys.s
ty
(/Users/kamyayadav/Library/TinyTeX/texmf-dist/tex/generic/pgf/utilities/pgfkeys
.code.tex)) (/Users/kamyayadav/Library/TinyTeX/texmf-dist/tex/latex/pgf/math/pg
fmath.sty
(/Users/kamyayadav/Library/TinyTeX/texmf-dist/tex/generic/pgf/math/pgfmath.code
.tex))
(/Users/kamyayadav/Library/TinyTeX/texmf-dist/tex/generic/pgf/utilities/pgffor.
code.tex
Package: pgffor 2021/05/15 v3.1.9a (3.1.9a)

(/Users/kamyayadav/Library/TinyTeX/texmf-dist/tex/generic/pgf/math/pgfmath.code
.tex)
\pgffor@iter=\dimen288
\pgffor@skip=\dimen289
\pgffor@stack=\toks42
\pgffor@toks=\toks43
))
(/Users/kamyayadav/Library/TinyTeX/texmf-dist/tex/generic/pgf/frontendlayer/tik
z/tikz.code.tex
Package: tikz 2021/05/15 v3.1.9a (3.1.9a)

(/Users/kamyayadav/Library/TinyTeX/texmf-dist/tex/generic/pgf/libraries/pgflibr
aryplothandlers.code.tex
File: pgflibraryplothandlers.code.tex 2021/05/15 v3.1.9a (3.1.9a)
\pgf@plot@mark@count=\count315
\pgfplotmarksize=\dimen290
)
\tikz@lastx=\dimen291
\tikz@lasty=\dimen292
\tikz@lastxsaved=\dimen293
\tikz@lastysaved=\dimen294
\tikz@lastmovetox=\dimen295
\tikz@lastmovetoy=\dimen296
\tikzleveldistance=\dimen297
\tikzsiblingdistance=\dimen298
\tikz@figbox=\box69
\tikz@figbox@bg=\box70
\tikz@tempbox=\box71
\tikz@tempbox@bg=\box72
\tikztreelevel=\count316
\tikznumberofchildren=\count317
\tikznumberofcurrentchild=\count318
\tikz@fig@count=\count319

(/Users/kamyayadav/Library/TinyTeX/texmf-dist/tex/generic/pgf/modules/pgfmodule
matrix.code.tex
File: pgfmodulematrix.code.tex 2021/05/15 v3.1.9a (3.1.9a)
\pgfmatrixcurrentrow=\count320
\pgfmatrixcurrentcolumn=\count321
\pgf@matrix@numberofcolumns=\count322
)
\tikz@expandcount=\count323

(/Users/kamyayadav/Library/TinyTeX/texmf-dist/tex/generic/pgf/frontendlayer/tik
z/libraries/tikzlibrarytopaths.code.tex
File: tikzlibrarytopaths.code.tex 2021/05/15 v3.1.9a (3.1.9a)
))) (/Users/kamyayadav/Library/TinyTeX/texmf-dist/tex/latex/amscls/amsthm.sty
Package: amsthm 2020/05/29 v2.20.6
\thm@style=\toks44
\thm@bodyfont=\toks45
\thm@headfont=\toks46
\thm@notefont=\toks47
\thm@headpunct=\toks48
\thm@preskip=\skip62
\thm@postskip=\skip63
\thm@headsep=\skip64
\dth@everypar=\toks49
) (/Users/kamyayadav/Library/TinyTeX/texmf-dist/tex/latex/tools/afterpage.sty
Package: afterpage 2014/10/28 v1.08 After-Page Package (DPC)
\AP@output=\toks50
\AP@partial=\box73
\AP@footins=\box74
) (/Users/kamyayadav/Library/TinyTeX/texmf-dist/tex/latex/setspace/setspace.sty
Package: setspace 2011/12/19 v6.7a set line spacing
) (/Users/kamyayadav/Library/TinyTeX/texmf-dist/tex/latex/minitoc/minitoc.sty
Package: minitoc 2018/07/12 v62 Package minitoc
(/Users/kamyayadav/Library/TinyTeX/texmf-dist/tex/latex/minitoc/mtcmess.sty
Package: mtcmess 2006/03/14
)
Package minitoc Info: I0001
(minitoc)             *** minitoc package, version 62 ***.
\tf@mtc=\write4
\mtcindent=\skip65
\mtcskipamount=\skip66
Package minitoc Info: I0005
(minitoc)             compatible with hyperref.
Package minitoc Info: I0023
(minitoc)             part level macros available.
Package minitoc Info: I0004
(minitoc)             chapter level macros NOT available.
Package minitoc Info: I0028
(minitoc)             section level macros available.
\mtc@toks=\toks51
\mtc@strutbox=\box75
\mtc@hstrutbox=\box76
Package minitoc Info: I0002
(minitoc)             Autoconfiguration of extensions.
\openout4 = `supplementary-information.mtc0'.

\openout4 = `supplementary-information.mtc'.

(./supplementary-information.mtc0)
Package minitoc Info: I0012
(minitoc)             Long extensions (Unix-like) will be used.
Package minitoc Info: I0031
(minitoc)             ==> this version is configured for UNIX-like 
(minitoc)                 (long extensions) file names.
\openout4 = `supplementary-information.mtc'.

\openout4 = `supplementary-information.mtc0'.

\c@ptc=\count324
\c@parttocdepth=\count325
\ptcindent=\skip67
\c@stc=\count326
\c@secttocdepth=\count327
\stcindent=\skip68
Package minitoc Info: I0010
(minitoc)             The english language is selected.
(minitoc)              on input line 4910.
(/Users/kamyayadav/Library/TinyTeX/texmf-dist/tex/latex/minitoc/english.mld
File: english.mld 2006/01/13
) (/Users/kamyayadav/Library/TinyTeX/texmf-dist/tex/latex/minitoc/english.mld
File: english.mld 2006/01/13
)) (/Users/kamyayadav/Library/TinyTeX/texmf-dist/tex/latex/appendix/appendix.st
y
Package: appendix 2020/02/08 v1.2c extra appendix facilities
\c@@pps=\count328
\c@@ppsavesec=\count329
\c@@ppsaveapp=\count330
) (/Users/kamyayadav/Library/TinyTeX/texmf-dist/tex/latex/etoc/etoc.sty
Package: etoc 2021/09/23 v1.09e Completely customisable TOCs (JFB)
(/Users/kamyayadav/Library/TinyTeX/texmf-dist/tex/latex/tools/multicol.sty
Package: multicol 2021/10/28 v1.9b multicolumn formatting (FMi)
\c@tracingmulticols=\count331
\mult@box=\box77
\multicol@leftmargin=\dimen299
\c@unbalance=\count332
\c@collectmore=\count333
\doublecol@number=\count334
\multicoltolerance=\count335
\multicolpretolerance=\count336
\full@width=\dimen300
\page@free=\dimen301
\premulticols=\dimen302
\postmulticols=\dimen303
\multicolsep=\skip69
\multicolbaselineskip=\skip70
\partial@page=\box78
\last@line=\box79
\maxbalancingoverflow=\dimen304
\mult@rightbox=\box80
\mult@grightbox=\box81
\mult@firstbox=\box82
\mult@gfirstbox=\box83
\@tempa=\box84
\@tempa=\box85
\@tempa=\box86
\@tempa=\box87
\@tempa=\box88
\@tempa=\box89
\@tempa=\box90
\@tempa=\box91
\@tempa=\box92
\@tempa=\box93
\@tempa=\box94
\@tempa=\box95
\@tempa=\box96
\@tempa=\box97
\@tempa=\box98
\@tempa=\box99
\@tempa=\box100
\@tempa=\box101
\@tempa=\box102
\@tempa=\box103
\@tempa=\box104
\@tempa=\box105
\@tempa=\box106
\@tempa=\box107
\@tempa=\box108
\@tempa=\box109
\@tempa=\box110
\@tempa=\box111
\@tempa=\box112
\@tempa=\box113
\@tempa=\box114
\@tempa=\box115
\@tempa=\box116
\@tempa=\box117
\@tempa=\box118
\@tempa=\box119
\c@minrows=\count337
\c@columnbadness=\count338
\c@finalcolumnbadness=\count339
\last@try=\dimen305
\multicolovershoot=\dimen306
\multicolundershoot=\dimen307
\mult@nat@firstbox=\box120
\colbreak@box=\box121
\mc@col@check@num=\count340
)
\Etoc@toctoks=\toks52
\c@etoc@tocid=\count341
\c@etoc@tocdepth=\count342
\etoc@framed@titlebox=\box122
\etoc@framed@contentsbox=\box123
) (/Users/kamyayadav/Library/TinyTeX/texmf-dist/tex/latex/graphics/lscape.sty
Package: lscape 2020/05/28 v3.02 Landscape Pages (DPC)
) (/Users/kamyayadav/Library/TinyTeX/texmf-dist/tex/latex/tools/array.sty
Package: array 2021/10/04 v2.5f Tabular extension package (FMi)
\col@sep=\dimen308
\ar@mcellbox=\box124
\extrarowheight=\dimen309
\NC@list=\toks53
\extratabsurround=\skip71
\backup@length=\skip72
\ar@cellbox=\box125
) (/Users/kamyayadav/Library/TinyTeX/texmf-dist/tex/latex/multirow/multirow.sty
Package: multirow 2021/03/15 v2.8 Span multiple rows of a table
\multirow@colwidth=\skip73
\multirow@cntb=\count343
\multirow@dima=\skip74
\bigstrutjot=\dimen310
) (/Users/kamyayadav/Library/TinyTeX/texmf-dist/tex/latex/wrapfig/wrapfig.sty
\wrapoverhang=\dimen311
\WF@size=\dimen312
\c@WF@wrappedlines=\count344
\WF@box=\box126
\WF@everypar=\toks54
Package: wrapfig 2003/01/31  v 3.6
) (/Users/kamyayadav/Library/TinyTeX/texmf-dist/tex/latex/colortbl/colortbl.sty
Package: colortbl 2020/01/04 v1.0e Color table columns (DPC)
\everycr=\toks55
\minrowclearance=\skip75
)
(/Users/kamyayadav/Library/TinyTeX/texmf-dist/tex/latex/pdflscape/pdflscape.sty
Package: pdflscape 2019/12/05 v0.12 Display of landscape pages in PDF (HO)
Package pdflscape Info: Auto-detected driver: pdftex on input line 81.
) (/Users/kamyayadav/Library/TinyTeX/texmf-dist/tex/latex/tabu/tabu.sty
Package: tabu 2019/01/11 v2.9 - flexible LaTeX tabulars (FC+tabu-fixed)
(/Users/kamyayadav/Library/TinyTeX/texmf-dist/tex/latex/varwidth/varwidth.sty
Package: varwidth 2009/03/30 ver 0.92;  Variable-width minipages
\@vwid@box=\box127
\sift@deathcycles=\count345
\@vwid@loff=\dimen313
\@vwid@roff=\dimen314
)
\c@taburow=\count346
\tabu@nbcols=\count347
\tabu@cnt=\count348
\tabu@Xcol=\count349
\tabu@alloc=\count350
\tabu@nested=\count351
\tabu@target=\dimen315
\tabu@spreadtarget=\dimen316
\tabu@naturalX=\dimen317
\tabucolX=\dimen318
\tabu@Xsum=\dimen319
\extrarowdepth=\dimen320
\abovetabulinesep=\dimen321
\belowtabulinesep=\dimen322
\tabustrutrule=\dimen323
\tabu@thebody=\toks56
\tabu@footnotes=\toks57
\tabu@box=\box128
\tabu@arstrutbox=\box129
\tabu@hleads=\box130
\tabu@vleads=\box131
\tabu@cellskip=\skip76
)
(/Users/kamyayadav/Library/TinyTeX/texmf-dist/tex/latex/threeparttable/threepar
ttable.sty
Package: threeparttable 2003/06/13  v 3.0
\@tempboxb=\box132
)
(/Users/kamyayadav/Library/TinyTeX/texmf-dist/tex/latex/threeparttablex/threepa
rttablex.sty
Package: threeparttablex 2013/07/23 v0.3 by daleif
(/Users/kamyayadav/Library/TinyTeX/texmf-dist/tex/latex/environ/environ.sty
Package: environ 2014/05/04 v0.3 A new way to define environments

(/Users/kamyayadav/Library/TinyTeX/texmf-dist/tex/latex/trimspaces/trimspaces.s
ty
Package: trimspaces 2009/09/17 v1.1 Trim spaces around a token list
))
\TPTL@width=\skip77
) (/Users/kamyayadav/Library/TinyTeX/texmf-dist/tex/generic/ulem/ulem.sty
\UL@box=\box133
\UL@hyphenbox=\box134
\UL@skip=\skip78
\UL@hook=\toks58
\UL@height=\dimen324
\UL@pe=\count352
\UL@pixel=\dimen325
\ULC@box=\box135
Package: ulem 2019/11/18
\ULdepth=\dimen326
) (/Users/kamyayadav/Library/TinyTeX/texmf-dist/tex/latex/makecell/makecell.sty
Package: makecell 2009/08/03 V0.1e Managing of Tab Column Heads and Cells
\rotheadsize=\dimen327
\c@nlinenum=\count353
\TeXr@lab=\toks59
)
(/Users/kamyayadav/Library/TinyTeX/texmf-dist/tex/latex/l3backend/l3backend-pdf
tex.def
File: l3backend-pdftex.def 2022-02-07 L3 backend support: PDF output (pdfTeX)
\l__color_backend_stack_int=\count354
\l__pdf_internal_box=\box136
)

LaTeX Warning: Unused global option(s):
    [11.5pt].

(./supplementary-information.aux

LaTeX Warning: Label `' multiply defined.


LaTeX Warning: Label `' multiply defined.


LaTeX Warning: Label `' multiply defined.


LaTeX Warning: Label `' multiply defined.


LaTeX Warning: Label `' multiply defined.


LaTeX Warning: Label `' multiply defined.


LaTeX Warning: Label `' multiply defined.


LaTeX Warning: Label `' multiply defined.


LaTeX Warning: Label `' multiply defined.

)
\openout1 = `supplementary-information.aux'.

LaTeX Font Info:    Checking defaults for OML/cmm/m/it on input line 99.
LaTeX Font Info:    ... okay on input line 99.
LaTeX Font Info:    Checking defaults for OMS/cmsy/m/n on input line 99.
LaTeX Font Info:    ... okay on input line 99.
LaTeX Font Info:    Checking defaults for OT1/cmr/m/n on input line 99.
LaTeX Font Info:    ... okay on input line 99.
LaTeX Font Info:    Checking defaults for T1/cmr/m/n on input line 99.
LaTeX Font Info:    ... okay on input line 99.
LaTeX Font Info:    Checking defaults for TS1/cmr/m/n on input line 99.
LaTeX Font Info:    ... okay on input line 99.
LaTeX Font Info:    Checking defaults for OMX/cmex/m/n on input line 99.
LaTeX Font Info:    ... okay on input line 99.
LaTeX Font Info:    Checking defaults for U/cmr/m/n on input line 99.
LaTeX Font Info:    ... okay on input line 99.
LaTeX Font Info:    Checking defaults for PD1/pdf/m/n on input line 99.
LaTeX Font Info:    ... okay on input line 99.
LaTeX Font Info:    Checking defaults for PU/pdf/m/n on input line 99.
LaTeX Font Info:    ... okay on input line 99.

(/Users/kamyayadav/Library/TinyTeX/texmf-dist/tex/latex/epstopdf-pkg/epstopdf-b
ase.sty
Package: epstopdf-base 2020-01-24 v2.11 Base part for package epstopdf
Package epstopdf-base Info: Redefining graphics rule for `.eps' on input line 4
85.

(/Users/kamyayadav/Library/TinyTeX/texmf-dist/tex/latex/latexconfig/epstopdf-sy
s.cfg
File: epstopdf-sys.cfg 2010/07/13 v1.3 Configuration of (r)epstopdf for TeX Liv
e
))
Package hyperref Info: Link coloring OFF on input line 99.
(/Users/kamyayadav/Library/TinyTeX/texmf-dist/tex/latex/hyperref/nameref.sty
Package: nameref 2021-04-02 v2.47 Cross-referencing by name of section
(/Users/kamyayadav/Library/TinyTeX/texmf-dist/tex/latex/refcount/refcount.sty
Package: refcount 2019/12/15 v3.6 Data extraction from label references (HO)
)
(/Users/kamyayadav/Library/TinyTeX/texmf-dist/tex/generic/gettitlestring/gettit
lestring.sty
Package: gettitlestring 2019/12/15 v1.6 Cleanup title references (HO)
)
\c@section@level=\count355
)
LaTeX Info: Redefining \ref on input line 99.
LaTeX Info: Redefining \pageref on input line 99.
LaTeX Info: Redefining \nameref on input line 99.
(./supplementary-information.out) (./supplementary-information.out)
\@outlinefile=\write5
\openout5 = `supplementary-information.out'.

*geometry* driver: auto-detecting
*geometry* detected driver: pdftex
*geometry* verbose mode - [ preamble ] result:
* driver: pdftex
* paper: <default>
* layout: <same size as paper>
* layoutoffset:(h,v)=(0.0pt,0.0pt)
* modes: 
* h-part:(L,W,R)=(72.26999pt, 469.75502pt, 72.26999pt)
* v-part:(T,H,B)=(72.26999pt, 650.43001pt, 72.26999pt)
* \paperwidth=614.295pt
* \paperheight=794.96999pt
* \textwidth=469.75502pt
* \textheight=650.43001pt
* \oddsidemargin=0.0pt
* \evensidemargin=0.0pt
* \topmargin=-37.0pt
* \headheight=12.0pt
* \headsep=25.0pt
* \topskip=10.0pt
* \footskip=30.0pt
* \marginparwidth=65.0pt
* \marginparsep=11.0pt
* \columnsep=10.0pt
* \skip\footins=9.0pt plus 4.0pt minus 2.0pt
* \hoffset=0.0pt
* \voffset=0.0pt
* \mag=1000
* \@twocolumnfalse
* \@twosidefalse
* \@mparswitchfalse
* \@reversemarginfalse
* (1in=72.27pt=25.4mm, 1cm=28.453pt)

Package caption Info: Begin \AtBeginDocument code.
Package caption Info: float package is loaded.
Package caption Info: longtable package is loaded.
(/Users/kamyayadav/Library/TinyTeX/texmf-dist/tex/latex/caption/ltcaption.sty
Package: ltcaption 2021/01/08 v1.4c longtable captions (AR)
)
Package caption Info: rotating package is loaded.
Package caption Info: threeparttable package is loaded.
Package caption Info: wrapfig package is loaded.
Package caption Info: End \AtBeginDocument code.
Package minitoc(hints) Info: I0049
(minitoc(hints))             ==> You requested the hints option. 
(minitoc(hints))             Some hints are eventually given below.
Package minitoc(hints) Info: I0042
(minitoc(hints))             --- The appendix package is loaded. 
(minitoc(hints))             See the minitoc package documentation 
(minitoc(hints))             for specific precautions.

Package minitoc(hints) Warning: W0030
(minitoc(hints))                --- The \part command is altered 
(minitoc(hints))                after minitoc.


Package minitoc(hints) Warning: W0023
(minitoc(hints))                --- It may be the consequence 
(minitoc(hints))                of loading the ``hyperref'' package.


Package minitoc(hints) Warning: W0039
(minitoc(hints))                --- The \section command is altered 
(minitoc(hints))                after minitoc.


Package minitoc(hints) Warning: W0023
(minitoc(hints))                --- It may be the consequence 
(minitoc(hints))                of loading the ``hyperref'' package.

\Etoc@tf=\read3
<supplementary-information_files/figure-latex/fig-1-1.pdf, id=171, 867.24pt x 4
33.62pt>
File: supplementary-information_files/figure-latex/fig-1-1.pdf Graphic file (ty
pe pdf)
<use supplementary-information_files/figure-latex/fig-1-1.pdf>
Package pdftex.def Info: supplementary-information_files/figure-latex/fig-1-1.p
df  used on input line 111.
(pdftex.def)             Requested size: 469.75827pt x 234.87912pt.
[1


{/Users/kamyayadav/Library/TinyTeX/texmf-var/fonts/map/pdftex/updmap/pdftex.map
} <./supplementary-information_files/figure-latex/fig-1-1.pdf>]
LaTeX Font Info:    Trying to load font information for OT1+lmr on input line 1
22.
(/Users/kamyayadav/Library/TinyTeX/texmf-dist/tex/latex/lm/ot1lmr.fd
File: ot1lmr.fd 2015/05/01 v1.6.1 Font defs for Latin Modern
)
LaTeX Font Info:    Trying to load font information for OML+lmm on input line 1
22.
(/Users/kamyayadav/Library/TinyTeX/texmf-dist/tex/latex/lm/omllmm.fd
File: omllmm.fd 2015/05/01 v1.6.1 Font defs for Latin Modern
)
LaTeX Font Info:    Trying to load font information for OMS+lmsy on input line 
122.
(/Users/kamyayadav/Library/TinyTeX/texmf-dist/tex/latex/lm/omslmsy.fd
File: omslmsy.fd 2015/05/01 v1.6.1 Font defs for Latin Modern
)
LaTeX Font Info:    Trying to load font information for OMX+lmex on input line 
122.
(/Users/kamyayadav/Library/TinyTeX/texmf-dist/tex/latex/lm/omxlmex.fd
File: omxlmex.fd 2015/05/01 v1.6.1 Font defs for Latin Modern
)
LaTeX Font Info:    External font `lmex10' loaded for size
(Font)              <9> on input line 122.
LaTeX Font Info:    External font `lmex10' loaded for size
(Font)              <6> on input line 122.
LaTeX Font Info:    External font `lmex10' loaded for size
(Font)              <5> on input line 122.
LaTeX Font Info:    Trying to load font information for U+msa on input line 122
.
(/Users/kamyayadav/Library/TinyTeX/texmf-dist/tex/latex/amsfonts/umsa.fd
File: umsa.fd 2013/01/14 v3.01 AMS symbols A
)
LaTeX Font Info:    Trying to load font information for U+msb on input line 122
.
(/Users/kamyayadav/Library/TinyTeX/texmf-dist/tex/latex/amsfonts/umsb.fd
File: umsb.fd 2013/01/14 v3.01 AMS symbols B
) [2

]
LaTeX Font Info:    External font `lmex10' loaded for size
(Font)              <10> on input line 160.
LaTeX Font Info:    External font `lmex10' loaded for size
(Font)              <7> on input line 160.
[3] [4] [5




]
Overfull \hbox (14.93776pt too wide) in paragraph at lines 254--271
 [][] 
 []

[6]pdfTeX warning (ext4): destination with the same identifier (name{page.1}) h
as been already used, duplicate ignored
<to be read again> 
                   \relax 
l.309 \clearpage
                 [1



]
\tf@toc=\write6
\openout6 = `supplementary-information.toc'.

pdfTeX warning (ext4): destination with the same identifier (name{page.2}) has 
been already used, duplicate ignored
<to be read again> 
                   \relax 
l.315 \clearpage
                 [2

]
LaTeX Font Info:    External font `lmex10' loaded for size
(Font)              <12> on input line 331.
LaTeX Font Info:    External font `lmex10' loaded for size
(Font)              <8> on input line 331.
pdfTeX warning (ext4): destination with the same identifier (name{page.3}) has 
been already used, duplicate ignored
<to be read again> 
                   \relax 
l.385 
       [3

]pdfTeX warning (ext4): destination with the same identifier (name{page.4}) has
 been already used, duplicate ignored
<to be read again> 
                   \relax 
l.468 \clearpage
                 [4]pdfTeX warning (ext4): destination with the same identifier
 (name{page.5}) has been already used, duplicate ignored
<to be read again> 
                   \relax 
l.468 \clearpage
                 [5]pdfTeX warning (ext4): destination with the same identifier
 (name{page.6}) has been already used, duplicate ignored
<to be read again> 
                   \relax 
l.608 
       [6

] [7] [8] [9]

pdfTeX warning: pdflatex (file ./pic-form-6-p1.pdf): PDF inclusion: found PDF v
ersion <1.6>, but at most version <1.5> allowed
<pic-form-6-p1.pdf, id=311, 614.295pt x 794.97pt>
File: pic-form-6-p1.pdf Graphic file (type pdf)
<use pic-form-6-p1.pdf>
Package pdftex.def Info: pic-form-6-p1.pdf  used on input line 816.
(pdftex.def)             Requested size: 234.87802pt x 303.9598pt.


pdfTeX warning: pdflatex (file ./pic-form-6-p2.pdf): PDF inclusion: found PDF v
ersion <1.6>, but at most version <1.5> allowed
<pic-form-6-p2.pdf, id=312, 614.295pt x 794.97pt>
File: pic-form-6-p2.pdf Graphic file (type pdf)
<use pic-form-6-p2.pdf>
Package pdftex.def Info: pic-form-6-p2.pdf  used on input line 816.
(pdftex.def)             Requested size: 234.87802pt x 303.9598pt.

Overfull \hbox (2.22324pt too wide) in paragraph at lines 816--816
[][] [] 
 []

[10]

pdfTeX warning: pdflatex (file ./pic-form-7-p1.pdf): PDF inclusion: found PDF v
ersion <1.6>, but at most version <1.5> allowed
<pic-form-7-p1.pdf, id=319, 614.295pt x 794.97pt>
File: pic-form-7-p1.pdf Graphic file (type pdf)
<use pic-form-7-p1.pdf>
Package pdftex.def Info: pic-form-7-p1.pdf  used on input line 820.
(pdftex.def)             Requested size: 234.87802pt x 303.9598pt.


pdfTeX warning: pdflatex (file ./pic-form-7-p2.pdf): PDF inclusion: found PDF v
ersion <1.6>, but at most version <1.5> allowed
<pic-form-7-p2.pdf, id=320, 614.295pt x 794.97pt>
File: pic-form-7-p2.pdf Graphic file (type pdf)
<use pic-form-7-p2.pdf>
Package pdftex.def Info: pic-form-7-p2.pdf  used on input line 820.
(pdftex.def)             Requested size: 234.87802pt x 303.9598pt.

Overfull \hbox (2.22324pt too wide) in paragraph at lines 820--820
[][] [] 
 []

[11 <./pic-form-6-p1.pdf> <./pic-form-6-p2.pdf

pdfTeX warning: pdflatex (file ./pic-form-6-p2.pdf): PDF inclusion: multiple pd
fs with page group included in a single page
>]
<pic-fieldteam.png, id=396, 562.2606pt x 474.0912pt>
File: pic-fieldteam.png Graphic file (type png)
<use pic-fieldteam.png>
Package pdftex.def Info: pic-fieldteam.png  used on input line 826.
(pdftex.def)             Requested size: 469.75618pt x 396.09262pt.
[12 <./pic-form-7-p1.pdf> <./pic-form-7-p2.pdf

pdfTeX warning: pdflatex (file ./pic-form-7-p2.pdf): PDF inclusion: multiple pd
fs with page group included in a single page
>]
<pic-offices.png, id=470, 556.9608pt x 536.2434pt>
File: pic-offices.png Graphic file (type png)
<use pic-offices.png>
Package pdftex.def Info: pic-offices.png  used on input line 830.
(pdftex.def)             Requested size: 469.77304pt x 452.29878pt.
[13 <./pic-fieldteam.png>]
<pic-voter-id.png, id=478, 478.4274pt x 640.794pt>
File: pic-voter-id.png Graphic file (type png)
<use pic-voter-id.png>
Package pdftex.def Info: pic-voter-id.png  used on input line 834.
(pdftex.def)             Requested size: 469.76817pt x 629.19606pt.
[14 <./pic-offices.png>]
Overfull \vbox (12.76605pt too high) has occurred while \output is active []

[15 <./pic-voter-id.png>]

pdfTeX warning: pdflatex (file ./pic-t2-letter.pdf): PDF inclusion: found PDF v
ersion <1.7>, but at most version <1.5> allowed
<pic-t2-letter.pdf, id=492, 377.69307pt x 476.12881pt>
File: pic-t2-letter.pdf Graphic file (type pdf)
<use pic-t2-letter.pdf>
Package pdftex.def Info: pic-t2-letter.pdf  used on input line 900.
(pdftex.def)             Requested size: 328.8266pt x 414.52658pt.
[16]

pdfTeX warning: pdflatex (file ./pic-t2-email.pdf): PDF inclusion: found PDF ve
rsion <1.7>, but at most version <1.5> allowed
<pic-t2-email.pdf, id=498, 580.98457pt x 700.81857pt>
File: pic-t2-email.pdf Graphic file (type pdf)
<use pic-t2-email.pdf>
Package pdftex.def Info: pic-t2-email.pdf  used on input line 909.
(pdftex.def)             Requested size: 328.83311pt x 396.65831pt.
[17 <./pic-t2-letter.pdf>]

pdfTeX warning: pdflatex (file ./pic-t2-whatsapp.pdf): PDF inclusion: found PDF
 version <1.7>, but at most version <1.5> allowed
<pic-t2-whatsapp.pdf, id=528, 272.89955pt x 117.43875pt>
File: pic-t2-whatsapp.pdf Graphic file (type pdf)
<use pic-t2-whatsapp.pdf>
Package pdftex.def Info: pic-t2-whatsapp.pdf  used on input line 918.
(pdftex.def)             Requested size: 272.89888pt x 117.43845pt.


pdfTeX warning: pdflatex (file ./pic-t2-block-design.pdf): PDF inclusion: found
 PDF version <1.7>, but at most version <1.5> allowed
<pic-t2-block-design.pdf, id=529, 963.6pt x 542.025pt>
File: pic-t2-block-design.pdf Graphic file (type pdf)
<use pic-t2-block-design.pdf>
Package pdftex.def Info: pic-t2-block-design.pdf  used on input line 927.
(pdftex.def)             Requested size: 469.75679pt x 264.23819pt.
[18 <./pic-t2-email.pdf> <./pic-t2-whatsapp.pdf>] [19 <./pic-t2-block-design.pd
f>]
<supplementary-information_files/figure-latex/unnamed-chunk-37-1.pdf, id=683, 4
69.755pt x 325.215pt>
File: supplementary-information_files/figure-latex/unnamed-chunk-37-1.pdf Graph
ic file (type pdf)
<use supplementary-information_files/figure-latex/unnamed-chunk-37-1.pdf>
Package pdftex.def Info: supplementary-information_files/figure-latex/unnamed-c
hunk-37-1.pdf  used on input line 940.
(pdftex.def)             Requested size: 469.75386pt x 325.2142pt.
[20

 <./supplementary-information_files/figure-latex/unnamed-chunk-37-1.pdf>] [21

]
LaTeX Font Info:    Trying to load font information for T1+lmtt on input line 9
76.
(/Users/kamyayadav/Library/TinyTeX/texmf-dist/tex/latex/lm/t1lmtt.fd
File: t1lmtt.fd 2015/05/01 v1.6.1 Font defs for Latin Modern
)
<supplementary-information_files/figure-latex/unnamed-chunk-39-1.pdf, id=703, 2
16.81pt x 216.81pt>
File: supplementary-information_files/figure-latex/unnamed-chunk-39-1.pdf Graph
ic file (type pdf)
<use supplementary-information_files/figure-latex/unnamed-chunk-39-1.pdf>
Package pdftex.def Info: supplementary-information_files/figure-latex/unnamed-c
hunk-39-1.pdf  used on input line 983.
(pdftex.def)             Requested size: 216.81938pt x 216.81938pt.
[22

 <./supplementary-information_files/figure-latex/unnamed-chunk-39-1.pdf>] [23

] [24] [25

]
<supplementary-information_files/figure-latex/unnamed-chunk-44-1.pdf, id=733, 4
69.755pt x 325.215pt>
File: supplementary-information_files/figure-latex/unnamed-chunk-44-1.pdf Graph
ic file (type pdf)
<use supplementary-information_files/figure-latex/unnamed-chunk-44-1.pdf>
Package pdftex.def Info: supplementary-information_files/figure-latex/unnamed-c
hunk-44-1.pdf  used on input line 1133.
(pdftex.def)             Requested size: 469.75386pt x 325.2142pt.
[26

 <./supplementary-information_files/figure-latex/unnamed-chunk-44-1.pdf>] [27

]
LaTeX Font Info:    Trying to load font information for TS1+lmr on input line 1
281.
(/Users/kamyayadav/Library/TinyTeX/texmf-dist/tex/latex/lm/ts1lmr.fd
File: ts1lmr.fd 2015/05/01 v1.6.1 Font defs for Latin Modern
) [28] [29]pdfTeX warning (ext4): destination with the same identifier (name{pa
ge.1}) has been already used, duplicate ignored
<to be read again> 
                   \relax 
l.1359 \newpage
                [1

]pdfTeX warning (ext4): destination with the same identifier (name{page.2}) has
 been already used, duplicate ignored
<to be read again> 
                   \relax 
l.1365 \clearpage
                  [2]pdfTeX warning (ext4): destination with the same identifie
r (name{section.1}) has been already used, duplicate ignored
<to be read again> 
                   \relax 
l.1369 ...Voter registration procedures worldwide}
                                                  
Overfull \hbox (1.87006pt too wide) in paragraph at lines 1405--1405
[]|\T1/lmr/m/n/9 Madagascar|  
 []

pdfTeX warning (ext4): destination with the same identifier (name{page.3}) has 
been already used, duplicate ignored
<to be read again> 
                   \relax 
l.1408 \end{longtable}
                       [3


]pdfTeX warning (ext4): destination with the same identifier (name{page.4}) has
 been already used, duplicate ignored
<to be read again> 
                   \relax 
l.1408 \end{longtable}
                       [4]pdfTeX warning (ext4): destination with the same iden
tifier (name{page.5}) has been already used, duplicate ignored
<to be read again> 
                   \relax 
l.1408 \end{longtable}
                       [5]pdfTeX warning (ext4): destination with the same iden
tifier (name{page.6}) has been already used, duplicate ignored
<to be read again> 
                   \relax 
l.1408 \end{longtable}
                       [6]pdfTeX warning (ext4): destination with the same iden
tifier (name{page.7}) has been already used, duplicate ignored
<to be read again> 
                   \relax 
l.1408 \end{longtable}
                       [7]pdfTeX warning (ext4): destination with the same iden
tifier (name{page.8}) has been already used, duplicate ignored
<to be read again> 
                   \relax 
l.1411 \end{landscape}
                       [8]pdfTeX warning (ext4): destination with the same iden
tifier (name{section.2}) has been already used, duplicate ignored
<to be read again> 
                   \relax 
l.1415 ...rldwide: Additional case-study evidence}
                                                  pdfTeX warning (ext4): destin
ation with the same identifier (name{page.9}) has been already used, duplicate 
ignored
<to be read again> 
                   \relax 
l.1505 \clearpage
                  [9


]pdfTeX warning (ext4): destination with the same identifier (name{section.3}) 
has been already used, duplicate ignored
<to be read again> 
                   \relax 
l.1507 ... field experiments: A systematic review}
                                                  pdfTeX warning (ext4): destin
ation with the same identifier (name{page.10}) has been already used, duplicate
 ignored
<to be read again> 
                   \relax 
l.1643 \clearpage
                  [10

]
Overfull \hbox (16.56999pt too wide) in alignment at lines 1643--1643
 [] [] [] [] [] [] 
 []


Overfull \hbox (16.56999pt too wide) in alignment at lines 1643--1643
 [] [] [] [] [] [] 
 []


Overfull \hbox (16.56999pt too wide) in alignment at lines 1643--1643
 [] [] [] [] [] [] 
 []


Overfull \hbox (16.56999pt too wide) in alignment at lines 1643--1643
 [] [] [] [] [] [] 
 []


Overfull \hbox (16.56999pt too wide) in alignment at lines 1643--1643
 [] [] [] [] [] [] 
 []

pdfTeX warning (ext4): destination with the same identifier (name{page.11}) has
 been already used, duplicate ignored
<to be read again> 
                   \relax 
l.1643 \clearpage
                  [11


]pdfTeX warning (ext4): destination with the same identifier (name{page.12}) ha
s been already used, duplicate ignored
<to be read again> 
                   \relax 
l.1643 \clearpage
                  [12]pdfTeX warning (ext4): destination with the same identifi
er (name{page.13}) has been already used, duplicate ignored
<to be read again> 
                   \relax 
l.1643 \clearpage
                  [13]pdfTeX warning (ext4): destination with the same identifi
er (name{page.14}) has been already used, duplicate ignored
<to be read again> 
                   \relax 
l.1643 \clearpage
                  [14]pdfTeX warning (ext4): destination with the same identifi
er (name{page.15}) has been already used, duplicate ignored
<to be read again> 
                   \relax 
l.1643 \clearpage
                  [15]pdfTeX warning (ext4): destination with the same identifi
er (name{page.16}) has been already used, duplicate ignored
<to be read again> 
                   \relax 
l.1643 \clearpage
                  [16]pdfTeX warning (ext4): destination with the same identifi
er (name{page.17}) has been already used, duplicate ignored
<to be read again> 
                   \relax 
l.1643 \clearpage
                  [17]pdfTeX warning (ext4): destination with the same identifi
er (name{page.18}) has been already used, duplicate ignored
<to be read again> 
                   \relax 
l.1643 \clearpage
                  [18]pdfTeX warning (ext4): destination with the same identifi
er (name{page.19}) has been already used, duplicate ignored
<to be read again> 
                   \relax 
l.1643 \clearpage
                  [19]pdfTeX warning (ext4): destination with the same identifi
er (name{section.4}) has been already used, duplicate ignored
<to be read again> 
                   \relax 
l.1643 \clearpage
                 
Overfull \hbox (10.81404pt too wide) in alignment at lines 1643--1643
 [] [] [] [] [] 
 []


Overfull \hbox (10.81404pt too wide) in alignment at lines 1643--1643
 [] [] [] [] [] 
 []


Overfull \hbox (10.81404pt too wide) in alignment at lines 1643--1643
 [] [] [] [] [] 
 []


Overfull \hbox (10.81404pt too wide) in alignment at lines 1643--1643
 [] [] [] [] [] 
 []


Overfull \hbox (1.54413pt too wide) in paragraph at lines 1643--1643
[]|\T1/lmr/m/n/9 Acquaintance: 
 []


Overfull \hbox (1.54413pt too wide) in paragraph at lines 1643--1643
[]|\T1/lmr/m/n/9 Acquaintance: 
 []


Overfull \hbox (1.54413pt too wide) in paragraph at lines 1643--1643
[]|\T1/lmr/m/n/9 Acquaintance: 
 []


Overfull \hbox (5.94905pt too wide) in paragraph at lines 1643--1643
[]|\T1/lmr/m/n/9 rec_acquaint_party_out_community|  
 []


Overfull \hbox (1.54413pt too wide) in paragraph at lines 1643--1643
[]|\T1/lmr/m/n/9 Acquaintance: 
 []


Overfull \hbox (10.81404pt too wide) in alignment at lines 1643--1643
 [] [] [] [] [] 
 []

pdfTeX warning (ext4): destination with the same identifier (name{page.20}) has
 been already used, duplicate ignored
<to be read again> 
                   \relax 
l.1643 \clearpage
                  [20


]pdfTeX warning (ext4): destination with the same identifier (name{page.21}) ha
s been already used, duplicate ignored
<to be read again> 
                   \relax 
l.1643 \clearpage
                  [21]pdfTeX warning (ext4): destination with the same identifi
er (name{page.22}) has been already used, duplicate ignored
<to be read again> 
                   \relax 
l.1643 \clearpage
                  [22]pdfTeX warning (ext4): destination with the same identifi
er (name{section.5}) has been already used, duplicate ignored
<to be read again> 
                   \relax 
l.1645 ...on experimental subject characteristics}
                                                  pdfTeX warning (ext4): destin
ation with the same identifier (name{page.23}) has been already used, duplicate
 ignored
<to be read again> 
                   \relax 
l.1706 \clearpage
                  [23

]pdfTeX warning (ext4): destination with the same identifier (name{section.6}) 
has been already used, duplicate ignored
<to be read again> 
                   \relax 
l.1708 \section{Summary statistics}
                                   
Overfull \hbox (29.27316pt too wide) in paragraph at lines 1714--1755
 [][] 
 []

pdfTeX warning (ext4): destination with the same identifier (name{page.24}) has
 been already used, duplicate ignored
<to be read again> 
                   \relax 
l.1757 \clearpage
                  [24

]pdfTeX warning (ext4): destination with the same identifier (name{page.25}) ha
s been already used, duplicate ignored
<to be read again> 
                   \relax 
l.1796 \clearpage
                  [25

]pdfTeX warning (ext4): destination with the same identifier (name{section.7}) 
has been already used, duplicate ignored
<to be read again> 
                   \relax 
l.1798 \section{Survey instruments for experiment}
                                                  
Overfull \hbox (10.24059pt too wide) in alignment at lines 1802--1807
 [] [] [] 
 []


Overfull \hbox (10.24059pt too wide) in alignment at lines 1807--1812
 [] [] [] 
 []


Overfull \hbox (10.24059pt too wide) in alignment at lines 1812--1814
 [] [] [] 
 []


Overfull \hbox (10.24059pt too wide) in alignment at lines 1814--1816
 [] [] [] 
 []


Overfull \hbox (10.24059pt too wide) in alignment at lines 1816--1870
 [] [] [] 
 []

pdfTeX warning (ext4): destination with the same identifier (name{page.26}) has
 been already used, duplicate ignored
<to be read again> 
                   \relax 
l.1870 \end{longtable}
                       [26

]pdfTeX warning (ext4): destination with the same identifier (name{page.27}) ha
s been already used, duplicate ignored
<to be read again> 
                   \relax 
l.1870 \end{longtable}
                       [27]pdfTeX warning (ext4): destination with the same ide
ntifier (name{page.28}) has been already used, duplicate ignored
<to be read again> 
                   \relax 
l.1870 \end{longtable}
                       [28]pdfTeX warning (ext4): destination with the same ide
ntifier (name{page.29}) has been already used, duplicate ignored
<to be read again> 
                   \relax 
l.1873 \clearpage
                  [29]pdfTeX warning (ext4): destination with the same identifi
er (name{section.8}) has been already used, duplicate ignored
<to be read again> 
                   \relax 
l.1876 ...l results}\label{t1-additional-results}}
                                                   [30

] [31

] [32

] [33

] [34

] [35

]pdfTeX warning (ext4): destination with the same identifier (name{section.9}) 
has been already used, duplicate ignored
<to be read again> 
                   \relax 
l.2139 \section{Vote choice}\label{vote-choice}}
                                                
<supplementary-information_files/figure-latex/unnamed-chunk-62-1.pdf, id=934, 4
69.755pt x 325.215pt>
File: supplementary-information_files/figure-latex/unnamed-chunk-62-1.pdf Graph
ic file (type pdf)
<use supplementary-information_files/figure-latex/unnamed-chunk-62-1.pdf>
Package pdftex.def Info: supplementary-information_files/figure-latex/unnamed-c
hunk-62-1.pdf  used on input line 2171.
(pdftex.def)             Requested size: 469.75386pt x 325.2142pt.
[36

 <./supplementary-information_files/figure-latex/unnamed-chunk-62-1.pdf>]pdfTeX
 warning (ext4): destination with the same identifier (name{section.10}) has be
en already used, duplicate ignored
<to be read again> 
                   \relax 
l.2181 ...l results}\label{t2-additional-results}}
                                                   [37

]
Overfull \hbox (14.93776pt too wide) in paragraph at lines 2221--2238
 [][] 
 []

[38

]pdfTeX warning (ext4): destination with the same identifier (name{section.11})
 has been already used, duplicate ignored
<to be read again> 
                   \relax 
l.2244 ...abel{migrant-voting-behavior-over-time}}
                                                   [39

]pdfTeX warning (ext4): destination with the same identifier (name{section.12})
 has been already used, duplicate ignored
<to be read again> 
                   \relax 
l.2272 ...ch locations}\label{research-locations}}
                                                  
<pic-del-map.pdf, id=967, 505.89pt x 505.89pt>
File: pic-del-map.pdf Graphic file (type pdf)
<use pic-del-map.pdf>
Package pdftex.def Info: pic-del-map.pdf  used on input line 2276.
(pdftex.def)             Requested size: 234.88132pt x 234.88132pt.
[40

 <./pic-del-map.pdf>]
<pic-luc-map.pdf, id=979, 526.96875pt x 325.215pt>
File: pic-luc-map.pdf Graphic file (type pdf)
<use pic-luc-map.pdf>
Package pdftex.def Info: pic-luc-map.pdf  used on input line 2287.
(pdftex.def)             Requested size: 375.82292pt x 231.93643pt.
Package minitoc Info: I0009
(minitoc)             Listing minitoc auxiliary files. 
(minitoc)             Creating the supplementary-information.maf file.
\openout4 = `supplementary-information.maf'.

Package minitoc(hints) Info: I0053
(minitoc(hints))             You have loaded the float package; 
(minitoc(hints))             please be aware that the minitoc package 
(minitoc(hints))             facilities can not be used for new types 
(minitoc(hints))             of floats defined by the float package.

Package minitoc(hints) Warning: W0024
(minitoc(hints))                Some hints have been written 
(minitoc(hints))                in the supplementary-information.log file.

[41

 <./pic-luc-map.pdf>] (./supplementary-information.aux)

LaTeX Warning: There were multiply-defined labels.

Package rerunfilecheck Info: File `supplementary-information.out' has not chang
ed.
(rerunfilecheck)             Checksum: DF7D157465895FEBE97A961816E3AD82;10237.
 ) 
Here is how much of TeX's memory you used:
 28165 strings out of 480236
 521829 string characters out of 5894623
 883437 words of memory out of 5000000
 45149 multiletter control sequences out of 15000+600000
 548753 words of font info for 83 fonts, out of 8000000 for 9000
 14 hyphenation exceptions out of 8191
 84i,17n,80p,1944b,549s stack positions out of 5000i,500n,10000p,200000b,80000s
{/Users/kamyayadav/Library/TinyTeX/texmf-dist/fonts/enc/dvips/lm/lm-ts1.enc}{
/Users/kamyayadav/Library/TinyTeX/texmf-dist/fonts/enc/dvips/lm/lm-ec.enc}{/Use
rs/kamyayadav/Library/TinyTeX/texmf-dist/fonts/enc/dvips/lm/lm-mathsy.enc}{/Use
rs/kamyayadav/Library/TinyTeX/texmf-dist/fonts/enc/dvips/lm/lm-rm.enc}{/Users/k
amyayadav/Library/TinyTeX/texmf-dist/fonts/enc/dvips/lm/lm-mathit.enc}</Users/k
amyayadav/Library/TinyTeX/texmf-dist/fonts/type1/public/lm/lmbx10.pfb></Users/k
amyayadav/Library/TinyTeX/texmf-dist/fonts/type1/public/lm/lmbx12.pfb></Users/k
amyayadav/Library/TinyTeX/texmf-dist/fonts/type1/public/lm/lmbx9.pfb></Users/ka
myayadav/Library/TinyTeX/texmf-dist/fonts/type1/public/lm/lmmi10.pfb></Users/ka
myayadav/Library/TinyTeX/texmf-dist/fonts/type1/public/lm/lmmi9.pfb></Users/kam
yayadav/Library/TinyTeX/texmf-dist/fonts/type1/public/lm/lmr10.pfb></Users/kamy
ayadav/Library/TinyTeX/texmf-dist/fonts/type1/public/lm/lmr12.pfb></Users/kamya
yadav/Library/TinyTeX/texmf-dist/fonts/type1/public/lm/lmr17.pfb></Users/kamyay
adav/Library/TinyTeX/texmf-dist/fonts/type1/public/lm/lmr6.pfb></Users/kamyayad
av/Library/TinyTeX/texmf-dist/fonts/type1/public/lm/lmr7.pfb></Users/kamyayadav
/Library/TinyTeX/texmf-dist/fonts/type1/public/lm/lmr8.pfb></Users/kamyayadav/L
ibrary/TinyTeX/texmf-dist/fonts/type1/public/lm/lmr9.pfb></Users/kamyayadav/Lib
rary/TinyTeX/texmf-dist/fonts/type1/public/lm/lmri10.pfb></Users/kamyayadav/Lib
rary/TinyTeX/texmf-dist/fonts/type1/public/lm/lmri12.pfb></Users/kamyayadav/Lib
rary/TinyTeX/texmf-dist/fonts/type1/public/lm/lmri8.pfb></Users/kamyayadav/Libr
ary/TinyTeX/texmf-dist/fonts/type1/public/lm/lmri9.pfb></Users/kamyayadav/Libra
ry/TinyTeX/texmf-dist/fonts/type1/public/lm/lmsy10.pfb></Users/kamyayadav/Libra
ry/TinyTeX/texmf-dist/fonts/type1/public/lm/lmsy6.pfb></Users/kamyayadav/Librar
y/TinyTeX/texmf-dist/fonts/type1/public/lm/lmsy7.pfb></Users/kamyayadav/Library
/TinyTeX/texmf-dist/fonts/type1/public/lm/lmsy9.pfb></Users/kamyayadav/Library/
TinyTeX/texmf-dist/fonts/type1/public/lm/lmtt10.pfb>
Output written on supplementary-information.pdf (76 pages, 12380031 bytes).
PDF statistics:
 1127 PDF objects out of 1200 (max. 8388607)
 848 compressed objects within 9 object streams
 156 named destinations out of 1000 (max. 500000)
 455 words of extra memory for PDF output out of 10000 (max. 10000000)

